2020-04-22 21:08:40.194  INFO 116704 --- [main] com.huiwtech.film.FilmApplicationTests   : Starting FilmApplicationTests on DESKTOP-D0C8O3T with PID 116704 (started by denghang in G:\film_workspace_film\film_parent)
2020-04-22 21:08:40.348 DEBUG 116704 --- [main] com.huiwtech.film.FilmApplicationTests   : Running with Spring Boot v2.2.4.RELEASE, Spring v5.2.3.RELEASE
2020-04-22 21:08:40.349  INFO 116704 --- [main] com.huiwtech.film.FilmApplicationTests   : No active profile set, falling back to default profiles: default
2020-04-22 21:08:42.603  WARN 116704 --- [main] o.m.s.mapper.ClassPathMapperScanner      : No MyBatis mapper was found in '[com.huiwtech.film]' package. Please check your configuration.
2020-04-22 21:08:44.766  INFO 116704 --- [main] com.alibaba.druid.pool.DruidDataSource   : {dataSource-1} inited
2020-04-22 21:08:46.357  INFO 116704 --- [main] o.s.s.concurrent.ThreadPoolTaskExecutor  : Initializing ExecutorService 'applicationTaskExecutor'
2020-04-22 21:08:54.655  INFO 116044 --- [main] com.huiwtech.film.FilmApplicationTests   : Starting FilmApplicationTests on DESKTOP-D0C8O3T with PID 116044 (started by denghang in G:\film_workspace_film\film_parent)
2020-04-22 21:08:54.661 DEBUG 116044 --- [main] com.huiwtech.film.FilmApplicationTests   : Running with Spring Boot v2.2.4.RELEASE, Spring v5.2.3.RELEASE
2020-04-22 21:08:54.663  INFO 116044 --- [main] com.huiwtech.film.FilmApplicationTests   : No active profile set, falling back to default profiles: default
2020-04-22 21:08:56.614  WARN 116044 --- [main] o.m.s.mapper.ClassPathMapperScanner      : No MyBatis mapper was found in '[com.huiwtech.film]' package. Please check your configuration.
2020-04-22 21:08:59.232  INFO 116044 --- [main] com.alibaba.druid.pool.DruidDataSource   : {dataSource-1} inited
2020-04-22 21:09:13.179  INFO 103140 --- [main] com.huiwtech.film.FilmApplicationTests   : Starting FilmApplicationTests on DESKTOP-D0C8O3T with PID 103140 (started by denghang in G:\film_workspace_film\film_parent)
2020-04-22 21:09:13.181 DEBUG 103140 --- [main] com.huiwtech.film.FilmApplicationTests   : Running with Spring Boot v2.2.4.RELEASE, Spring v5.2.3.RELEASE
2020-04-22 21:09:13.182  INFO 103140 --- [main] com.huiwtech.film.FilmApplicationTests   : No active profile set, falling back to default profiles: default
2020-04-22 21:09:14.709  WARN 103140 --- [main] o.m.s.mapper.ClassPathMapperScanner      : No MyBatis mapper was found in '[com.huiwtech.film]' package. Please check your configuration.
2020-04-22 21:09:16.017  INFO 103140 --- [main] com.alibaba.druid.pool.DruidDataSource   : {dataSource-1} inited
2020-04-22 21:09:17.363  INFO 103140 --- [main] o.s.s.concurrent.ThreadPoolTaskExecutor  : Initializing ExecutorService 'applicationTaskExecutor'
2020-04-22 21:09:18.083  INFO 103140 --- [main] com.huiwtech.film.FilmApplicationTests   : Started FilmApplicationTests in 6.715 seconds (JVM running for 8.791)
2020-04-22 21:09:18.346  INFO 103140 --- [SpringContextShutdownHook] o.s.s.concurrent.ThreadPoolTaskExecutor  : Shutting down ExecutorService 'applicationTaskExecutor'
2020-04-22 21:09:18.373  INFO 103140 --- [SpringContextShutdownHook] com.alibaba.druid.pool.DruidDataSource   : {dataSource-1} closed
2020-04-22 21:10:31.338  INFO 104752 --- [main] com.huiwtech.film.FilmApplicationTests   : Starting FilmApplicationTests on DESKTOP-D0C8O3T with PID 104752 (started by denghang in G:\film_workspace_film\film_parent)
2020-04-22 21:10:31.341 DEBUG 104752 --- [main] com.huiwtech.film.FilmApplicationTests   : Running with Spring Boot v2.2.4.RELEASE, Spring v5.2.3.RELEASE
2020-04-22 21:10:31.343  INFO 104752 --- [main] com.huiwtech.film.FilmApplicationTests   : No active profile set, falling back to default profiles: default
2020-04-22 21:10:33.321  WARN 104752 --- [main] o.m.s.mapper.ClassPathMapperScanner      : No MyBatis mapper was found in '[com.huiwtech.film]' package. Please check your configuration.
2020-04-22 21:10:34.904  INFO 104752 --- [main] com.alibaba.druid.pool.DruidDataSource   : {dataSource-1} inited
2020-04-22 21:10:36.464  INFO 104752 --- [main] o.s.s.concurrent.ThreadPoolTaskExecutor  : Initializing ExecutorService 'applicationTaskExecutor'
2020-04-22 21:10:37.296  INFO 104752 --- [main] com.huiwtech.film.FilmApplicationTests   : Started FilmApplicationTests in 7.081 seconds (JVM running for 9.698)
2020-04-22 21:10:37.608  INFO 104752 --- [SpringContextShutdownHook] o.s.s.concurrent.ThreadPoolTaskExecutor  : Shutting down ExecutorService 'applicationTaskExecutor'
2020-04-22 21:10:37.621  INFO 104752 --- [SpringContextShutdownHook] com.alibaba.druid.pool.DruidDataSource   : {dataSource-1} closed
